Lab6/Source/sdk-treasurehunt/build/outputs/logs/manifest-merger-debug-report.txt
-- Merging decision tree log ---
manifest
ADDED from src\main\AndroidManifest.xml:2:1-87:12
	package
		ADDED from src\main\AndroidManifest.xml:3:5-53
	android:versionName
		ADDED from src\main\AndroidManifest.xml:5:5-33
		INJECTED from src\main\AndroidManifest.xml
		INJECTED from src\main\AndroidManifest.xml
	android:versionCode
		ADDED from src\main\AndroidManifest.xml:4:5-36
		INJECTED from src\main\AndroidManifest.xml
		INJECTED from src\main\AndroidManifest.xml
	xmlns:android
		ADDED from src\main\AndroidManifest.xml:2:11-69
uses-sdk
ADDED from src\main\AndroidManifest.xml:6:5-8:41
MERGED from [com.google.vr:sdk-audio:1.20.0] AndroidManifest.xml:3:5-73
MERGED from [com.google.vr:sdk-base:1.20.0] AndroidManifest.xml:5:5-73
MERGED from [com.google.vr:sdk-common:1.20.0] AndroidManifest.xml:3:5-73
MERGED from [com.android.support:appcompat-v7:25.2.0] AndroidManifest.xml:21:5-23:78
MERGED from [com.android.support:support-v4:25.2.0] AndroidManifest.xml:21:5-23:54
MERGED from [com.android.support:support-fragment:25.2.0] AndroidManifest.xml:21:5-23:60
MERGED from [com.android.support:support-media-compat:25.2.0] AndroidManifest.xml:21:5-23:63
MERGED from [com.android.support:support-core-ui:25.2.0] AndroidManifest.xml:21:5-23:58
MERGED from [com.android.support:support-core-utils:25.2.0] AndroidManifest.xml:21:5-23:61
MERGED from [com.android.support:animated-vector-drawable:25.2.0] AndroidManifest.xml:20:5-44
MERGED from [com.android.support:support-vector-drawable:25.2.0] AndroidManifest.xml:21:5-43
MERGED from [com.android.support:support-compat:25.2.0] AndroidManifest.xml:21:5-23:58
	tools:overrideLibrary
		ADDED from [com.android.support:appcompat-v7:25.2.0] AndroidManifest.xml:23:9-75
	android:targetSdkVersion
		ADDED from src\main\AndroidManifest.xml:8:9-38
		INJECTED from src\main\AndroidManifest.xml
		INJECTED from src\main\AndroidManifest.xml
	android:minSdkVersion
		ADDED from src\main\AndroidManifest.xml:7:9-35
		INJECTED from src\main\AndroidManifest.xml
		INJECTED from src\main\AndroidManifest.xml
uses-feature#0x00020000
ADDED from src\main\AndroidManifest.xml:10:5-12:35
MERGED from [com.google.vr:sdk-base:1.20.0] AndroidManifest.xml:6:5-77
	android:glEsVersion
		ADDED from src\main\AndroidManifest.xml:11:9-41
	android:required
		ADDED from src\main\AndroidManifest.xml:12:9-32
uses-permission#android.permission.VIBRATE
ADDED from src\main\AndroidManifest.xml:15:5-66
	android:name
		ADDED from src\main\AndroidManifest.xml:15:22-63
uses-permission#android.permission.READ_EXTERNAL_STORAGE
ADDED from src\main\AndroidManifest.xml:17:5-80
MERGED from [com.google.vr:sdk-base:1.20.0] AndroidManifest.xml:9:5-79
	android:name
		ADDED from src\main\AndroidManifest.xml:17:22-77
uses-feature#android.hardware.sensor.accelerometer
ADDED from src\main\AndroidManifest.xml:20:5-22:35
	android:required
		ADDED from src\main\AndroidManifest.xml:22:9-32
	android:name
		ADDED from src\main\AndroidManifest.xml:21:9-61
uses-feature#android.hardware.sensor.gyroscope
ADDED from src\main\AndroidManifest.xml:23:5-25:35
	android:required
		ADDED from src\main\AndroidManifest.xml:25:9-32
	android:name
		ADDED from src\main\AndroidManifest.xml:24:9-57
uses-feature#android.software.vr.mode
ADDED from src\main\AndroidManifest.xml:28:5-30:36
MERGED from [com.google.vr:sdk-base:1.20.0] AndroidManifest.xml:13:5-85
	android:required
		ADDED from src\main\AndroidManifest.xml:30:9-33
	android:name
		ADDED from src\main\AndroidManifest.xml:29:9-48
uses-feature#android.hardware.vr.high_performance
ADDED from src\main\AndroidManifest.xml:32:5-34:36
MERGED from [com.google.vr:sdk-base:1.20.0] AndroidManifest.xml:15:5-97
	android:required
		ADDED from src\main\AndroidManifest.xml:34:9-33
	android:name
		ADDED from src\main\AndroidManifest.xml:33:9-60
android:uses-permission#android.permission.WRITE_EXTERNAL_STORAGE
ADDED from src\main\AndroidManifest.xml:36:5-89
MERGED from [com.google.vr:sdk-base:1.20.0] AndroidManifest.xml:10:5-80
	android:name
		ADDED from src\main\AndroidManifest.xml:36:30-86
android:uses-permission#android.permission.READ_PHONE_STATE
ADDED from src\main\AndroidManifest.xml:37:5-83
	android:name
		ADDED from src\main\AndroidManifest.xml:37:30-80
application
ADDED from src\main\AndroidManifest.xml:39:5-85:19
MERGED from [com.android.support:appcompat-v7:25.2.0] AndroidManifest.xml:25:5-20
MERGED from [com.android.support:support-v4:25.2.0] AndroidManifest.xml:25:5-20
MERGED from [com.android.support:support-fragment:25.2.0] AndroidManifest.xml:25:5-20
MERGED from [com.android.support:support-media-compat:25.2.0] AndroidManifest.xml:25:5-20
MERGED from [com.android.support:support-core-ui:25.2.0] AndroidManifest.xml:25:5-20
MERGED from [com.android.support:support-core-utils:25.2.0] AndroidManifest.xml:25:5-20
MERGED from [com.android.support:animated-vector-drawable:25.2.0] AndroidManifest.xml:22:5-20
MERGED from [com.android.support:support-vector-drawable:25.2.0] AndroidManifest.xml:23:5-20
MERGED from [com.android.support:support-compat:25.2.0] AndroidManifest.xml:25:5-20
	android:label
		ADDED from src\main\AndroidManifest.xml:41:9-45
	android:supportsRtl
		ADDED from src\main\AndroidManifest.xml:43:9-35
	android:allowBackup
		ADDED from src\main\AndroidManifest.xml:40:9-35
	android:icon
		ADDED from src\main\AndroidManifest.xml:42:9-52
	android:theme
		ADDED from src\main\AndroidManifest.xml:44:9-47
activity#com.google.vr.sdk.samples.treasurehunt.TreasureHuntActivity
ADDED from src\main\AndroidManifest.xml:45:9-75:20
	android:screenOrientation
		ADDED from src\main\AndroidManifest.xml:51:13-50
	android:enableVrMode
		ADDED from src\main\AndroidManifest.xml:48:13-65
	android:label
		ADDED from src\main\AndroidManifest.xml:49:13-45
	android:resizeableActivity
		ADDED from src\main\AndroidManifest.xml:50:13-47
	android:configChanges
		ADDED from src\main\AndroidManifest.xml:47:13-74
	android:name
		ADDED from src\main\AndroidManifest.xml:46:13-49
meta-data#com.google.android.vr.icon
ADDED from src\main\AndroidManifest.xml:57:13-59:56
	android:resource
		ADDED from src\main\AndroidManifest.xml:59:17-53
	android:name
		ADDED from src\main\AndroidManifest.xml:58:17-58
meta-data#com.google.android.vr.icon_background
ADDED from src\main\AndroidManifest.xml:60:13-62:67
	android:resource
		ADDED from src\main\AndroidManifest.xml:62:17-64
	android:name
		ADDED from src\main\AndroidManifest.xml:61:17-69
intent-filter#com.google.intent.category.CARDBOARD+com.google.intent.category.DAYDREAM
ADDED from src\main\AndroidManifest.xml:64:13-74:29
category#com.google.intent.category.CARDBOARD
ADDED from src\main\AndroidManifest.xml:65:17-81
	android:name
		ADDED from src\main\AndroidManifest.xml:65:27-78
category#com.google.intent.category.DAYDREAM
ADDED from src\main\AndroidManifest.xml:73:17-80
	android:name
		ADDED from src\main\AndroidManifest.xml:73:27-77
activity#com.google.vr.sdk.samples.treasurehunt.MainActivity
ADDED from src\main\AndroidManifest.xml:76:9-84:20
	android:label
		ADDED from src\main\AndroidManifest.xml:78:13-39
	android:theme
		ADDED from src\main\AndroidManifest.xml:79:13-57
	android:name
		ADDED from src\main\AndroidManifest.xml:77:13-41
intent-filter#android.intent.action.MAIN+android.intent.category.LAUNCHER
ADDED from src\main\AndroidManifest.xml:80:13-83:29
action#android.intent.action.MAIN
ADDED from src\main\AndroidManifest.xml:81:17-69
	android:name
		ADDED from src\main\AndroidManifest.xml:81:25-66
category#android.intent.category.LAUNCHER
ADDED from src\main\AndroidManifest.xml:82:17-77
	android:name
		ADDED from src\main\AndroidManifest.xml:82:27-74